2018-11-05T10:27:03.504Z - info: Website generation started at 18:26:46
2018-11-05T10:27:39.038Z - info: Building assets...
2018-11-05T10:27:56.305Z - info: Assets built
2018-11-05T10:27:56.306Z - info: Generating pages...
2018-11-05T10:29:08.478Z - info: Pages built
2018-11-05T10:29:09.333Z - info: Site data built
2018-11-05T10:29:09.333Z - info: Website generation complete! Total build time: 142.769s
2018-11-05T10:29:09.365Z - info: Generate Site durationMs=142801
2018-11-05T10:29:10.137Z - info: Serving "C:\repos\nus-tic2002-2018\website\_site" at http://127.0.0.1:8080
2018-11-05T10:29:10.137Z - info: Press CTRL+C to stop ...
2018-11-05T10:41:41.627Z - info: [18:41:41] Reload for file change: C:\repos\nus-tic2002-2018\website\se-book-adapted\config.njk
2018-11-05T10:41:42.643Z - info: Assets built
2018-11-05T10:43:12.903Z - info: [18:43:12] Reload for file change: C:\repos\nus-tic2002-2018\website\se-book-adapted\config.njk
2018-11-05T10:43:13.927Z - info: Assets built
2018-11-05T10:51:53.394Z - info: Website generation started at 18:51:44
2018-11-05T10:52:26.473Z - info: Building assets...
2018-11-05T10:52:41.866Z - info: Assets built
2018-11-05T10:52:41.867Z - info: Generating pages...
2018-11-05T10:53:54.301Z - info: Pages built
2018-11-05T10:53:55.014Z - info: Site data built
2018-11-05T10:53:55.015Z - info: Website generation complete! Total build time: 130.683s
2018-11-05T10:53:55.024Z - info: Generate Site durationMs=130692
2018-11-05T10:53:55.753Z - info: Serving "C:\repos\nus-tic2002-2018\website\_site" at http://127.0.0.1:8080
2018-11-05T10:53:55.753Z - info: Press CTRL+C to stop ...
2018-11-05T11:02:25.573Z - info: [19:02:25] Reload for file change: C:\repos\nus-tic2002-2018\website\se-book-adapted\config.njk
2018-11-05T11:02:26.591Z - info: Assets built
2018-11-05T11:03:38.183Z - info: [19:03:38] Reload for file change: C:\repos\nus-tic2002-2018\website\se-book-adapted\config.njk
2018-11-05T11:03:39.206Z - info: Assets built
2018-11-05T11:04:00.724Z - info: Website generation started at 19:03:57
2018-11-05T11:04:03.569Z - info: Building assets...
2018-11-05T11:04:08.227Z - info: Assets built
2018-11-05T11:04:08.228Z - info: Generating pages...
2018-11-05T11:05:10.438Z - info: Pages built
2018-11-05T11:05:10.632Z - info: Site data built
2018-11-05T11:05:10.632Z - info: Website generation complete! Total build time: 72.865s
2018-11-05T11:05:10.643Z - info: Generate Site durationMs=72875
2018-11-05T11:05:11.094Z - info: Serving "C:\repos\nus-tic2002-2018\website\_site" at http://127.0.0.1:8080
2018-11-05T11:05:11.094Z - info: Press CTRL+C to stop ...
2018-11-05T11:11:45.652Z - info: Website generation started at 19:11:42
2018-11-05T11:11:59.724Z - info: Building assets...
2018-11-05T11:12:17.048Z - info: Assets built
2018-11-05T11:12:17.049Z - info: Generating pages...
2018-11-05T11:13:24.092Z - info: Pages built
2018-11-05T11:13:24.304Z - info: Site data built
2018-11-05T11:13:24.304Z - info: Website generation complete! Total build time: 101.623s
2018-11-05T11:13:24.305Z - info: Build success!
2018-11-05T11:13:24.305Z - info: Generate Site durationMs=101624
2018-11-05T11:15:01.782Z - info: Deployed!
