2018-08-28T04:38:27.320Z - info: Website generation started at 12:38:11
2018-08-28T04:39:00.415Z - info: Building assets...
2018-08-28T04:39:16.545Z - info: Assets built
2018-08-28T04:39:16.545Z - info: Generating pages...
2018-08-28T04:40:31.730Z - info: Pages built
2018-08-28T04:40:32.410Z - info: Site data built
2018-08-28T04:40:32.410Z - info: Website generation complete! Total build time: 141.125s
2018-08-28T04:40:32.426Z - info: Generate Site durationMs=141141
2018-08-28T04:40:32.938Z - info: Serving "C:\repos\nus-tic2002-2018\website\_site" at http://127.0.0.1:8080
2018-08-28T04:40:32.938Z - info: Press CTRL+C to stop ...
2018-08-28T04:44:35.509Z - info: Website generation started at 12:44:31
2018-08-28T04:44:38.369Z - info: Building assets...
2018-08-28T04:44:41.306Z - info: Assets built
2018-08-28T04:44:41.306Z - info: Generating pages...
2018-08-28T04:45:40.203Z - info: Pages built
2018-08-28T04:45:40.369Z - info: Site data built
2018-08-28T04:45:40.370Z - info: Website generation complete! Total build time: 69.34s
2018-08-28T04:45:40.370Z - info: Build success!
2018-08-28T04:45:40.370Z - info: Generate Site durationMs=69341
2018-08-28T04:46:52.024Z - info: Deployed!
2018-08-28T05:31:10.109Z - info: Website generation started at 13:31:04
2018-08-28T05:31:26.453Z - info: Building assets...
2018-08-28T05:31:42.058Z - info: Assets built
2018-08-28T05:31:42.058Z - info: Generating pages...
2018-08-28T05:32:52.754Z - info: Pages built
2018-08-28T05:32:53.420Z - info: Site data built
2018-08-28T05:32:53.420Z - info: Website generation complete! Total build time: 108.741s
2018-08-28T05:32:53.451Z - info: Generate Site durationMs=108772
2018-08-28T05:32:53.919Z - info: Serving "C:\repos\nus-tic2002-2018\website\_site" at http://127.0.0.1:8080
2018-08-28T05:32:53.920Z - info: Press CTRL+C to stop ...
2018-08-28T09:54:30.623Z - info: Website generation started at 17:54:10
2018-08-28T09:55:15.990Z - info: Building assets...
