2018-10-13T05:54:26.942Z - info: Website generation started at 13:54:15
2018-10-13T05:55:28.150Z - info: Building assets...
2018-10-13T05:55:45.920Z - info: Assets built
2018-10-13T05:55:45.921Z - info: Generating pages...
2018-10-13T05:57:07.548Z - info: Pages built
2018-10-13T05:57:08.094Z - info: Site data built
2018-10-13T05:57:08.094Z - info: Website generation complete! Total build time: 172.791s
2018-10-13T05:57:08.110Z - info: Generate Site durationMs=172807
2018-10-13T05:57:08.605Z - info: Serving "C:\repos\nus-tic2002-2018\website\_site" at http://127.0.0.1:8080
2018-10-13T05:57:08.606Z - info: Press CTRL+C to stop ...
2018-10-13T06:18:31.540Z - info: [14:18:31] Reload for file change: C:\repos\nus-tic2002-2018\website\se-book-adapted\config.njk
2018-10-13T06:18:32.561Z - info: Assets built
2018-10-13T06:20:00.361Z - info: Website generation started at 14:19:47
2018-10-13T06:20:44.269Z - info: Building assets...
2018-10-13T06:21:04.250Z - info: Assets built
2018-10-13T06:21:04.251Z - info: Generating pages...
2018-10-13T06:22:12.452Z - info: Pages built
2018-10-13T06:22:12.938Z - info: Site data built
2018-10-13T06:22:12.938Z - info: Website generation complete! Total build time: 145.538s
2018-10-13T06:22:12.947Z - info: Generate Site durationMs=145547
2018-10-13T06:22:13.341Z - info: Serving "C:\repos\nus-tic2002-2018\website\_site" at http://127.0.0.1:8080
2018-10-13T06:22:13.342Z - info: Press CTRL+C to stop ...
2018-10-13T06:43:06.553Z - info: [14:43:06] Reload for file change: C:\repos\nus-tic2002-2018\website\se-book-adapted\config.njk
2018-10-13T06:43:07.571Z - info: Assets built
