2018-10-06T11:12:17.786Z - info: Website generation started at 19:12:02
2018-10-06T11:13:37.062Z - info: Building assets...
2018-10-06T11:13:57.673Z - info: Assets built
2018-10-06T11:13:57.673Z - info: Generating pages...
2018-10-06T11:15:05.677Z - info: Pages built
2018-10-06T11:15:06.205Z - info: Site data built
2018-10-06T11:15:06.205Z - info: Website generation complete! Total build time: 183.614s
2018-10-06T11:15:06.235Z - info: Generate Site durationMs=183644
2018-10-06T11:15:06.943Z - info: Serving "C:\repos\nus-tic2002-2018\website\_site" at http://127.0.0.1:8080
2018-10-06T11:15:06.943Z - info: Press CTRL+C to stop ...
2018-10-06T12:24:07.910Z - info: Website generation started at 20:23:44
2018-10-06T12:25:29.274Z - info: Building assets...
2018-10-06T12:25:50.386Z - info: Assets built
2018-10-06T12:25:50.387Z - info: Generating pages...
2018-10-06T12:27:06.197Z - info: Pages built
2018-10-06T12:27:06.696Z - info: Site data built
2018-10-06T12:27:06.696Z - info: Website generation complete! Total build time: 202.468s
2018-10-06T12:27:06.696Z - info: Build success!
2018-10-06T12:27:06.696Z - info: Generate Site durationMs=202468
2018-10-06T12:28:28.527Z - info: Deployed!
