2018-10-09T08:14:13.738Z - info: Website generation started at 16:13:59
2018-10-09T08:15:21.781Z - info: Building assets...
2018-10-09T08:15:39.342Z - info: Assets built
2018-10-09T08:15:39.342Z - info: Generating pages...
2018-10-09T08:16:57.692Z - info: Pages built
2018-10-09T08:16:58.142Z - info: Site data built
2018-10-09T08:16:58.142Z - info: Website generation complete! Total build time: 178.254s
2018-10-09T08:16:58.152Z - info: Generate Site durationMs=178264
2018-10-09T08:16:58.561Z - info: Serving "C:\repos\nus-tic2002-2018\website\_site" at http://127.0.0.1:8080
2018-10-09T08:16:58.561Z - info: Press CTRL+C to stop ...
2018-10-09T08:18:09.851Z - info: [16:18:09] Reload for file change: C:\repos\nus-tic2002-2018\website\book\diagrams\gitAndGithub\pull\sourcetree_1.pptx
2018-10-09T08:18:10.861Z - info: Assets built
2018-10-09T08:18:11.894Z - info: [16:18:11] Reload for file change: C:\repos\nus-tic2002-2018\website\book\diagrams\gitAndGithub\pull\rightClickOnTargetCommit.pptx
2018-10-09T08:18:12.895Z - info: Assets built
2018-10-09T08:18:13.781Z - info: [16:18:13] Reload for file add: C:\repos\nus-tic2002-2018\website\book\diagrams\gitAndGithub\pull\~$rightClickOnTargetCommit.pptx
2018-10-09T08:18:14.791Z - info: Assets built
2018-10-09T08:18:19.461Z - info: [16:18:19] Reload for file deletion: C:\repos\nus-tic2002-2018\website\book\diagrams\gitAndGithub\pull\~$rightClickOnTargetCommit.pptx
2018-10-09T08:18:20.484Z - info: Assets removed
2018-10-09T08:20:17.704Z - info: [16:20:17] Reload for file change: C:\repos\nus-tic2002-2018\website\book\gitAndGithub\push\text.md
2018-10-09T08:20:18.708Z - verbose: Rebuild affected paths: C:\repos\nus-tic2002-2018\website\book\gitAndGithub\push\text.md
2018-10-09T08:20:18.714Z - info: Rebuilding 7 pages
2018-10-09T08:20:39.801Z - info: Pages rebuilt
2018-10-09T08:20:39.810Z - info: Site data built
2018-10-09T08:21:17.591Z - info: [16:21:17] Reload for file add: C:\repos\nus-tic2002-2018\website\book\gitAndGithub\push\images\createNewRemoteRepo.png
2018-10-09T08:21:17.595Z - info: [16:21:17] Reload for file change: C:\repos\nus-tic2002-2018\website\book\gitAndGithub\push\images\createNewRemoteRepo.png
2018-10-09T08:21:18.605Z - info: Assets built
2018-10-09T08:21:29.805Z - info: [16:21:29] Reload for file change: C:\repos\nus-tic2002-2018\website\book\gitAndGithub\push\text.md
2018-10-09T08:21:30.807Z - verbose: Rebuild affected paths: C:\repos\nus-tic2002-2018\website\book\gitAndGithub\push\text.md
2018-10-09T08:21:30.811Z - info: Rebuilding 7 pages
2018-10-09T08:21:48.992Z - info: Pages rebuilt
2018-10-09T08:21:49.000Z - info: Site data built
2018-10-09T08:22:12.607Z - info: [16:22:12] Reload for file change: C:\repos\nus-tic2002-2018\website\book\gitAndGithub\push\text.md
2018-10-09T08:22:13.611Z - verbose: Rebuild affected paths: C:\repos\nus-tic2002-2018\website\book\gitAndGithub\push\text.md
2018-10-09T08:22:13.614Z - info: Rebuilding 7 pages
2018-10-09T08:22:29.976Z - info: Pages rebuilt
2018-10-09T08:22:29.989Z - info: Site data built
2018-10-09T08:25:21.100Z - info: [16:25:21] Reload for file add: C:\repos\nus-tic2002-2018\website\book\gitAndGithub\push\images\fillNewRepoInfo.png
2018-10-09T08:25:21.188Z - info: [16:25:21] Reload for file change: C:\repos\nus-tic2002-2018\website\book\gitAndGithub\push\images\fillNewRepoInfo.png
2018-10-09T08:25:22.129Z - info: Assets built
2018-10-09T08:25:52.967Z - info: [16:25:52] Reload for file change: C:\repos\nus-tic2002-2018\website\book\gitAndGithub\push\text.md
2018-10-09T08:25:53.977Z - verbose: Rebuild affected paths: C:\repos\nus-tic2002-2018\website\book\gitAndGithub\push\text.md
2018-10-09T08:25:53.977Z - info: Rebuilding 7 pages
2018-10-09T08:26:12.464Z - info: Pages rebuilt
2018-10-09T08:26:12.472Z - info: Site data built
2018-10-09T08:26:38.064Z - info: [16:26:38] Reload for file change: C:\repos\nus-tic2002-2018\website\book\gitAndGithub\push\text.md
2018-10-09T08:26:39.083Z - verbose: Rebuild affected paths: C:\repos\nus-tic2002-2018\website\book\gitAndGithub\push\text.md
2018-10-09T08:26:39.083Z - info: Rebuilding 7 pages
2018-10-09T08:26:55.949Z - info: Pages rebuilt
2018-10-09T08:26:55.958Z - info: Site data built
2018-10-09T08:30:08.904Z - info: [16:30:08] Reload for file change: C:\repos\nus-tic2002-2018\website\book\gitAndGithub\push\text.md
2018-10-09T08:30:09.907Z - verbose: Rebuild affected paths: C:\repos\nus-tic2002-2018\website\book\gitAndGithub\push\text.md
2018-10-09T08:30:09.908Z - info: Rebuilding 7 pages
2018-10-09T08:30:29.598Z - info: Pages rebuilt
2018-10-09T08:30:29.608Z - info: Site data built
2018-10-09T08:31:12.412Z - info: [16:31:12] Reload for file change: C:\repos\nus-tic2002-2018\website\book\gitAndGithub\push\text.md
2018-10-09T08:31:13.414Z - verbose: Rebuild affected paths: C:\repos\nus-tic2002-2018\website\book\gitAndGithub\push\text.md
2018-10-09T08:31:13.416Z - info: Rebuilding 7 pages
2018-10-09T08:31:33.022Z - info: Pages rebuilt
2018-10-09T08:31:33.030Z - info: Site data built
2018-10-09T08:32:44.068Z - info: [16:32:44] Reload for file change: C:\repos\nus-tic2002-2018\website\book\gitAndGithub\push\text.md
2018-10-09T08:32:45.089Z - verbose: Rebuild affected paths: C:\repos\nus-tic2002-2018\website\book\gitAndGithub\push\text.md
2018-10-09T08:32:45.089Z - info: Rebuilding 7 pages
2018-10-09T08:33:03.893Z - info: Pages rebuilt
2018-10-09T08:33:03.904Z - info: Site data built
2018-10-09T08:33:05.998Z - info: [16:33:05] Reload for file change: C:\repos\nus-tic2002-2018\website\book\gitAndGithub\push\text.md
2018-10-09T08:33:07.008Z - verbose: Rebuild affected paths: C:\repos\nus-tic2002-2018\website\book\gitAndGithub\push\text.md
2018-10-09T08:33:07.008Z - info: Rebuilding 7 pages
2018-10-09T08:33:24.937Z - info: Pages rebuilt
2018-10-09T08:33:24.944Z - info: Site data built
2018-10-09T08:34:58.646Z - info: [16:34:58] Reload for file change: C:\repos\nus-tic2002-2018\website\book\gitAndGithub\push\text.md
2018-10-09T08:34:59.656Z - verbose: Rebuild affected paths: C:\repos\nus-tic2002-2018\website\book\gitAndGithub\push\text.md
2018-10-09T08:34:59.657Z - info: Rebuilding 7 pages
2018-10-09T08:35:18.703Z - info: Pages rebuilt
2018-10-09T08:35:18.714Z - info: Site data built
2018-10-09T08:37:08.835Z - info: [16:37:08] Reload for file add: C:\repos\nus-tic2002-2018\website\book\gitAndGithub\push\images\newRepoUrl.png
2018-10-09T08:37:08.855Z - info: [16:37:08] Reload for file change: C:\repos\nus-tic2002-2018\website\book\gitAndGithub\push\images\newRepoUrl.png
2018-10-09T08:37:09.865Z - info: Assets built
2018-10-09T08:37:38.255Z - info: [16:37:38] Reload for file change: C:\repos\nus-tic2002-2018\website\book\gitAndGithub\push\text.md
2018-10-09T08:37:39.275Z - verbose: Rebuild affected paths: C:\repos\nus-tic2002-2018\website\book\gitAndGithub\push\text.md
2018-10-09T08:37:39.275Z - info: Rebuilding 7 pages
2018-10-09T08:38:02.086Z - info: Pages rebuilt
2018-10-09T08:38:02.093Z - info: Site data built
2018-10-09T08:38:10.972Z - info: [16:38:10] Reload for file change: C:\repos\nus-tic2002-2018\website\book\gitAndGithub\push\text.md
2018-10-09T08:38:11.984Z - verbose: Rebuild affected paths: C:\repos\nus-tic2002-2018\website\book\gitAndGithub\push\text.md
2018-10-09T08:38:11.984Z - info: Rebuilding 7 pages
2018-10-09T08:38:30.641Z - info: Pages rebuilt
2018-10-09T08:38:30.650Z - info: Site data built
2018-10-09T08:39:31.831Z - info: [16:39:31] Reload for file change: C:\repos\nus-tic2002-2018\website\book\gitAndGithub\push\text.md
2018-10-09T08:39:32.834Z - verbose: Rebuild affected paths: C:\repos\nus-tic2002-2018\website\book\gitAndGithub\push\text.md
2018-10-09T08:39:32.837Z - info: Rebuilding 7 pages
2018-10-09T08:39:52.342Z - info: Pages rebuilt
2018-10-09T08:39:52.349Z - info: Site data built
2018-10-09T08:43:10.742Z - info: [16:43:10] Reload for file add: C:\repos\nus-tic2002-2018\website\book\gitAndGithub\push\images\fillRemoteInfoForSourceTree.png
2018-10-09T08:43:10.790Z - info: [16:43:10] Reload for file change: C:\repos\nus-tic2002-2018\website\book\gitAndGithub\push\images\fillRemoteInfoForSourceTree.png
2018-10-09T08:43:11.755Z - info: Assets built
2018-10-09T08:43:26.996Z - info: [16:43:26] Reload for file change: C:\repos\nus-tic2002-2018\website\book\gitAndGithub\push\text.md
2018-10-09T08:43:28.000Z - verbose: Rebuild affected paths: C:\repos\nus-tic2002-2018\website\book\gitAndGithub\push\text.md
2018-10-09T08:43:28.004Z - info: Rebuilding 7 pages
2018-10-09T08:43:50.234Z - info: Pages rebuilt
2018-10-09T08:43:50.245Z - info: Site data built
2018-10-09T08:44:12.729Z - info: [16:44:12] Reload for file change: C:\repos\nus-tic2002-2018\website\book\gitAndGithub\push\text.md
2018-10-09T08:44:13.729Z - verbose: Rebuild affected paths: C:\repos\nus-tic2002-2018\website\book\gitAndGithub\push\text.md
2018-10-09T08:44:13.731Z - info: Rebuilding 7 pages
2018-10-09T08:44:32.942Z - info: Pages rebuilt
2018-10-09T08:44:32.953Z - info: Site data built
2018-10-09T08:48:32.434Z - info: [16:48:32] Reload for file add: C:\repos\nus-tic2002-2018\website\book\gitAndGithub\push\images\pushToRemote.png
2018-10-09T08:48:32.469Z - info: [16:48:32] Reload for file change: C:\repos\nus-tic2002-2018\website\book\gitAndGithub\push\images\pushToRemote.png
2018-10-09T08:48:33.446Z - info: Assets built
2018-10-09T08:51:52.250Z - info: [16:51:52] Reload for file change: C:\repos\nus-tic2002-2018\website\book\gitAndGithub\push\text.md
2018-10-09T08:51:53.253Z - verbose: Rebuild affected paths: C:\repos\nus-tic2002-2018\website\book\gitAndGithub\push\text.md
2018-10-09T08:51:53.256Z - info: Rebuilding 7 pages
2018-10-09T08:52:19.862Z - info: Pages rebuilt
2018-10-09T08:52:19.870Z - info: Site data built
2018-10-09T08:53:42.145Z - info: [16:53:42] Reload for file change: C:\repos\nus-tic2002-2018\website\book\gitAndGithub\push\text.md
2018-10-09T08:53:43.147Z - verbose: Rebuild affected paths: C:\repos\nus-tic2002-2018\website\book\gitAndGithub\push\text.md
2018-10-09T08:53:43.149Z - info: Rebuilding 7 pages
2018-10-09T08:54:09.160Z - info: Pages rebuilt
2018-10-09T08:54:09.171Z - info: Site data built
2018-10-09T08:55:57.223Z - info: [16:55:57] Reload for file change: C:\repos\nus-tic2002-2018\website\book\gitAndGithub\push\text.md
2018-10-09T08:55:58.225Z - verbose: Rebuild affected paths: C:\repos\nus-tic2002-2018\website\book\gitAndGithub\push\text.md
2018-10-09T08:55:58.228Z - info: Rebuilding 7 pages
2018-10-09T08:56:22.854Z - info: Pages rebuilt
2018-10-09T08:56:22.864Z - info: Site data built
2018-10-09T08:59:10.601Z - info: [16:59:10] Reload for file change: C:\repos\nus-tic2002-2018\website\book\gitAndGithub\push\text.md
2018-10-09T08:59:11.606Z - verbose: Rebuild affected paths: C:\repos\nus-tic2002-2018\website\book\gitAndGithub\push\text.md
2018-10-09T08:59:11.609Z - info: Rebuilding 7 pages
2018-10-09T08:59:36.224Z - info: Pages rebuilt
2018-10-09T08:59:36.234Z - info: Site data built
2018-10-09T09:02:03.280Z - info: [17:02:03] Reload for file change: C:\repos\nus-tic2002-2018\website\book\gitAndGithub\push\text.md
2018-10-09T09:02:04.295Z - verbose: Rebuild affected paths: C:\repos\nus-tic2002-2018\website\book\gitAndGithub\push\text.md
2018-10-09T09:02:04.295Z - info: Rebuilding 7 pages
2018-10-09T09:02:27.422Z - info: Pages rebuilt
2018-10-09T09:02:27.434Z - info: Site data built
2018-10-09T09:02:45.285Z - info: [17:02:45] Reload for file change: C:\repos\nus-tic2002-2018\website\book\gitAndGithub\push\text.md
2018-10-09T09:02:46.295Z - verbose: Rebuild affected paths: C:\repos\nus-tic2002-2018\website\book\gitAndGithub\push\text.md
2018-10-09T09:02:46.297Z - info: Rebuilding 7 pages
2018-10-09T09:03:09.751Z - info: Pages rebuilt
2018-10-09T09:03:09.762Z - info: Site data built
2018-10-09T09:09:36.017Z - info: Website generation started at 17:09:32
2018-10-09T09:10:06.770Z - info: Building assets...
2018-10-09T09:10:20.172Z - info: Assets built
2018-10-09T09:10:20.173Z - info: Generating pages...
2018-10-09T09:11:22.985Z - info: Pages built
2018-10-09T09:11:23.427Z - info: Site data built
2018-10-09T09:11:23.427Z - info: Website generation complete! Total build time: 111.021s
2018-10-09T09:11:23.438Z - info: Generate Site durationMs=111032
2018-10-09T09:11:24.011Z - info: Serving "C:\repos\nus-tic2002-2018\website\_site" at http://127.0.0.1:8080
2018-10-09T09:11:24.011Z - info: Press CTRL+C to stop ...
2018-10-09T09:14:53.354Z - info: Website generation started at 17:14:50
2018-10-09T09:14:56.306Z - info: Building assets...
2018-10-09T09:15:00.054Z - info: Assets built
2018-10-09T09:15:00.055Z - info: Generating pages...
2018-10-09T09:15:59.905Z - info: Pages built
2018-10-09T09:16:00.100Z - info: Site data built
2018-10-09T09:16:00.100Z - info: Website generation complete! Total build time: 69.279s
2018-10-09T09:16:00.100Z - info: Build success!
2018-10-09T09:16:00.101Z - info: Generate Site durationMs=69280
2018-10-09T09:17:24.433Z - info: Deployed!
