2018-09-20T14:17:35.592Z - info: Website generation started at 22:17:31
2018-09-20T14:17:41.981Z - info: Building assets...
2018-09-20T14:17:46.746Z - info: Assets built
2018-09-20T14:17:46.746Z - info: Generating pages...
2018-09-20T14:18:58.264Z - info: Pages built
2018-09-20T14:18:58.336Z - info: Site data built
2018-09-20T14:18:58.336Z - info: Website generation complete! Total build time: 86.456s
2018-09-20T14:18:58.348Z - info: Generate Site durationMs=86468
2018-09-20T14:18:58.372Z - info: Serving "C:\repos\nus-tic2002-2018\website\_site" at http://127.0.0.1:8080
2018-09-20T14:18:58.372Z - info: Press CTRL+C to stop ...
2018-09-20T14:21:01.053Z - info: Website generation started at 22:20:58
2018-09-20T14:21:06.030Z - info: Building assets...
2018-09-20T14:21:11.397Z - info: Assets built
2018-09-20T14:21:11.397Z - info: Generating pages...
2018-09-20T14:22:20.383Z - info: Pages built
2018-09-20T14:22:20.447Z - info: Site data built
2018-09-20T14:22:20.447Z - info: Website generation complete! Total build time: 82.035s
2018-09-20T14:22:20.447Z - info: Build success!
2018-09-20T14:22:20.447Z - info: Generate Site durationMs=82035
2018-09-20T14:23:10.234Z - info: Deployed!
