2018-08-02T07:44:31.545Z - info: Pages built
2018-08-02T07:44:31.698Z - info: Site data built
2018-08-02T07:44:31.707Z - info: Generate Site durationMs=84639
2018-08-02T07:44:32.031Z - info: Serving "C:\repos\nus-tic2002\website\_site" at http://127.0.0.1:8080
2018-08-02T07:44:32.031Z - info: Press CTRL+C to stop ...
2018-08-02T07:51:56.663Z - info: Reload for file change: C:\repos\nus-tic2002\website\se-book-adapted\chapters-printable\chapter-printable.njk
2018-08-02T07:51:57.694Z - info: Assets built
2018-08-02T07:53:38.464Z - info: Pages built
2018-08-02T07:53:38.615Z - info: Site data built
2018-08-02T07:53:38.624Z - info: Generate Site durationMs=85132
2018-08-02T07:53:38.943Z - info: Serving "C:\repos\nus-tic2002\website\_site" at http://127.0.0.1:8080
2018-08-02T07:53:38.944Z - info: Press CTRL+C to stop ...
2018-08-02T08:28:32.012Z - info: Pages built
2018-08-02T08:28:32.706Z - info: Site data built
2018-08-02T08:28:32.740Z - info: Generate Site durationMs=115374
2018-08-02T08:28:33.274Z - info: Serving "C:\repos\nus-tic2002\website\_site" at http://127.0.0.1:8080
2018-08-02T08:28:33.274Z - info: Press CTRL+C to stop ...
2018-08-02T08:31:53.993Z - info: Reload for file change: C:\repos\nus-tic2002\website\se-book-adapted\config.njk
2018-08-02T08:31:55.020Z - info: Assets built
2018-08-02T08:34:47.267Z - info: Pages built
2018-08-02T08:34:48.196Z - info: Site data built
2018-08-02T08:34:48.224Z - info: Generate Site durationMs=109203
2018-08-02T08:34:49.148Z - info: Serving "C:\repos\nus-tic2002\website\_site" at http://127.0.0.1:8080
2018-08-02T08:34:49.148Z - info: Press CTRL+C to stop ...
2018-08-02T09:17:01.275Z - info: Pages built
2018-08-02T09:17:02.067Z - info: Site data built
2018-08-02T09:17:02.103Z - info: Generate Site durationMs=116984
2018-08-02T09:17:03.076Z - info: Serving "C:\repos\nus-tic2002\website\_site" at http://127.0.0.1:8080
2018-08-02T09:17:03.076Z - info: Press CTRL+C to stop ...
2018-08-02T10:00:13.032Z - info: Pages built
2018-08-02T10:00:14.009Z - info: Site data built
2018-08-02T10:00:14.036Z - info: Generate Site durationMs=111066
2018-08-02T10:00:14.991Z - info: Serving "C:\repos\nus-tic2002\website\_site" at http://127.0.0.1:8080
2018-08-02T10:00:14.991Z - info: Press CTRL+C to stop ...
2018-08-02T11:16:59.978Z - info: Pages built
2018-08-02T11:17:01.648Z - info: Site data built
2018-08-02T11:17:01.662Z - info: Generate Site durationMs=105825
2018-08-02T11:17:03.400Z - info: Serving "C:\repos\nus-tic2002\website\_site" at http://127.0.0.1:8080
2018-08-02T11:17:03.400Z - info: Press CTRL+C to stop ...
