2018-08-01T07:09:54.425Z - info: Pages built
2018-08-01T07:09:54.870Z - info: Site data built
2018-08-01T07:09:54.882Z - info: Generate Site durationMs=87818
2018-08-01T07:09:55.511Z - info: Serving "C:\repos\nus-tic2002\website\_site" at http://127.0.0.1:8080
2018-08-01T07:09:55.512Z - info: Press CTRL+C to stop ...
2018-08-01T08:28:37.166Z - info: Pages built
2018-08-01T08:28:37.313Z - info: Site data built
2018-08-01T08:28:37.329Z - info: Generate Site durationMs=92899
2018-08-01T08:28:37.715Z - info: Serving "C:\repos\nus-tic2002\website\_site" at http://127.0.0.1:8080
2018-08-01T08:28:37.715Z - info: Press CTRL+C to stop ...
2018-08-01T08:39:05.268Z - info: Reload for file change: C:\repos\nus-tic2002\website\_markbind\variables.md
2018-08-01T08:39:06.278Z - verbose: Rebuild affected paths: C:\repos\nus-tic2002\website\_markbind\variables.md
2018-08-01T08:39:06.279Z - info: Rebuilding 0 pages
2018-08-01T08:39:06.280Z - info: Pages rebuilt
2018-08-01T08:39:06.295Z - info: Site data built
2018-08-01T10:24:23.731Z - info: Pages built
2018-08-01T10:24:24.601Z - info: Site data built
2018-08-01T10:24:24.622Z - info: Generate Site durationMs=105653
2018-08-01T10:24:25.048Z - info: Serving "C:\repos\nus-tic2002\website\_site" at http://127.0.0.1:8080
2018-08-01T10:24:25.048Z - info: Press CTRL+C to stop ...
2018-08-01T10:25:14.175Z - info: Reload for file change: C:\repos\nus-tic2002\website\_markbind\variables.md
2018-08-01T10:25:15.195Z - verbose: Rebuild affected paths: C:\repos\nus-tic2002\website\_markbind\variables.md
2018-08-01T10:25:15.195Z - info: Rebuilding 0 pages
2018-08-01T10:25:15.195Z - info: Pages rebuilt
2018-08-01T10:25:15.205Z - info: Site data built
