2018-09-03T08:30:41.295Z - info: Website generation started at 16:30:31
2018-09-03T08:31:39.187Z - info: Building assets...
2018-09-03T08:31:58.612Z - info: Assets built
2018-09-03T08:31:58.613Z - info: Generating pages...
2018-09-03T08:33:25.720Z - info: Pages built
2018-09-03T08:33:26.447Z - info: Site data built
2018-09-03T08:33:26.447Z - info: Website generation complete! Total build time: 174.519s
2018-09-03T08:33:26.489Z - info: Generate Site durationMs=174561
2018-09-03T08:33:27.098Z - info: Serving "C:\repos\nus-tic2002-2018\website\_site" at http://127.0.0.1:8080
2018-09-03T08:33:27.098Z - info: Press CTRL+C to stop ...
2018-09-03T08:34:31.643Z - info: [16:34:31] Reload for file change: C:\repos\nus-tic2002-2018\website\book\cppToJava\misc\constants\text.md
2018-09-03T08:34:32.647Z - verbose: Rebuild affected paths: C:\repos\nus-tic2002-2018\website\book\cppToJava\misc\constants\text.md
2018-09-03T08:34:32.653Z - info: Rebuilding 10 pages
2018-09-03T08:34:59.943Z - info: Pages rebuilt
2018-09-03T08:34:59.953Z - info: Site data built
2018-09-03T08:35:52.117Z - info: [16:35:52] Reload for file change: C:\repos\nus-tic2002-2018\website\book\cppToJava\misc\constants\text.md
2018-09-03T08:35:53.121Z - verbose: Rebuild affected paths: C:\repos\nus-tic2002-2018\website\book\cppToJava\misc\constants\text.md
2018-09-03T08:35:53.123Z - info: Rebuilding 10 pages
2018-09-03T08:36:19.358Z - info: Pages rebuilt
2018-09-03T08:36:19.384Z - info: Site data built
2018-09-03T08:44:12.259Z - info: [16:44:12] Reload for file change: C:\repos\nus-tic2002-2018\website\book\cppToJava\inheritance\interfaces\text.md
2018-09-03T08:44:13.262Z - verbose: Rebuild affected paths: C:\repos\nus-tic2002-2018\website\book\cppToJava\inheritance\interfaces\text.md
2018-09-03T08:44:13.266Z - info: Rebuilding 8 pages
2018-09-03T08:44:23.070Z - info: [16:44:23] Reload for file change: C:\repos\nus-tic2002-2018\website\schedule\index.md
2018-09-03T08:44:23.070Z - info: [16:44:23] Reload for file change: C:\repos\nus-tic2002-2018\website\common\header.md
2018-09-03T08:44:23.070Z - info: [16:44:23] Reload for file change: C:\repos\nus-tic2002-2018\website\schedule\evidence\oop.md
2018-09-03T08:44:23.154Z - info: [16:44:23] Reload for file change: C:\repos\nus-tic2002-2018\website\admin\exams.md
2018-09-03T08:44:23.155Z - info: [16:44:23] Reload for file change: C:\repos\nus-tic2002-2018\website\schedule\evidence\cppToJava.md
2018-09-03T08:44:23.155Z - info: [16:44:23] Reload for file change: C:\repos\nus-tic2002-2018\website\schedule\evidence\intellij.md
2018-09-03T08:44:23.156Z - info: [16:44:23] Reload for file change: C:\repos\nus-tic2002-2018\website\schedule\evidence\project.md
2018-09-03T08:44:23.156Z - info: [16:44:23] Reload for file change: C:\repos\nus-tic2002-2018\website\schedule\evidence\testing.md
2018-09-03T08:44:25.342Z - info: [16:44:25] Reload for file change: C:\repos\nus-tic2002-2018\website\_markbind\head\scheduleHead.md
2018-09-03T08:44:27.685Z - info: [16:44:27] Reload for file change: C:\repos\nus-tic2002-2018\website\_markbind\head\bookHead.md
2018-09-03T08:44:34.205Z - info: [16:44:34] Reload for file change: C:\repos\nus-tic2002-2018\website\schedule\week1\index.md
2018-09-03T08:44:34.216Z - info: [16:44:34] Reload for file change: C:\repos\nus-tic2002-2018\website\schedule\week1\tutorial.md
2018-09-03T08:44:34.216Z - info: [16:44:34] Reload for file change: C:\repos\nus-tic2002-2018\website\schedule\week2\tutorial-tic2002.md
2018-09-03T08:44:34.217Z - info: [16:44:34] Reload for file change: C:\repos\nus-tic2002-2018\website\admin\usingThisWebsite.md
2018-09-03T08:44:34.230Z - info: [16:44:34] Reload for file change: C:\repos\nus-tic2002-2018\website\admin\moduleExpectations.md
2018-09-03T08:44:38.093Z - info: Pages rebuilt
2018-09-03T08:44:38.110Z - info: Site data built
2018-09-03T08:44:38.214Z - verbose: Rebuild affected paths: C:\repos\nus-tic2002-2018\website\schedule\index.md,C:\repos\nus-tic2002-2018\website\common\header.md,C:\repos\nus-tic2002-2018\website\schedule\evidence\oop.md,C:\repos\nus-tic2002-2018\website\admin\exams.md,C:\repos\nus-tic2002-2018\website\schedule\evidence\cppToJava.md,C:\repos\nus-tic2002-2018\website\schedule\evidence\intellij.md,C:\repos\nus-tic2002-2018\website\schedule\evidence\project.md,C:\repos\nus-tic2002-2018\website\schedule\evidence\testing.md,C:\repos\nus-tic2002-2018\website\_markbind\head\scheduleHead.md,C:\repos\nus-tic2002-2018\website\_markbind\head\bookHead.md,C:\repos\nus-tic2002-2018\website\schedule\week1\index.md,C:\repos\nus-tic2002-2018\website\schedule\week1\tutorial.md,C:\repos\nus-tic2002-2018\website\schedule\week2\tutorial-tic2002.md,C:\repos\nus-tic2002-2018\website\admin\usingThisWebsite.md,C:\repos\nus-tic2002-2018\website\admin\moduleExpectations.md
2018-09-03T08:44:38.228Z - info: Rebuilding 65 pages
2018-09-03T08:45:06.668Z - info: [16:45:06] Reload for file change: C:\repos\nus-tic2002-2018\website\admin\index-tic2002.md
2018-09-03T08:45:06.668Z - info: [16:45:06] Reload for file change: C:\repos\nus-tic2002-2018\website\se-book-adapted\index.md
2018-09-03T08:45:06.703Z - info: [16:45:06] Reload for file change: C:\repos\nus-tic2002-2018\website\_markbind\navigation\adminSiteNav-tic2002.md
2018-09-03T08:45:17.619Z - info: [16:45:17] Reload for file change: C:\repos\nus-tic2002-2018\website\_markbind\head\adminHead.md
2018-09-03T08:45:28.610Z - info: Pages rebuilt
2018-09-03T08:45:28.640Z - info: Site data built
2018-09-03T08:45:28.844Z - verbose: Rebuild affected paths: C:\repos\nus-tic2002-2018\website\admin\index-tic2002.md,C:\repos\nus-tic2002-2018\website\se-book-adapted\index.md,C:\repos\nus-tic2002-2018\website\_markbind\navigation\adminSiteNav-tic2002.md,C:\repos\nus-tic2002-2018\website\_markbind\head\adminHead.md
2018-09-03T08:45:28.845Z - info: Rebuilding 2 pages
2018-09-03T08:45:29.349Z - info: Pages rebuilt
2018-09-03T08:45:29.356Z - info: Site data built
