2018-08-13T09:51:12.535Z - info: Website generation started at 17:50:53
2018-08-13T09:51:45.838Z - info: Building assets...
2018-08-13T09:52:00.030Z - info: Assets built
2018-08-13T09:52:00.030Z - info: Generating pages...
2018-08-13T09:53:26.709Z - info: Pages built
2018-08-13T09:53:27.298Z - info: Site data built
2018-08-13T09:53:27.298Z - info: Website generation complete! Total build time: 153.409s
2018-08-13T09:53:27.330Z - info: Generate Site durationMs=153441
2018-08-13T09:53:28.151Z - info: Serving "C:\repos\nus-tic2002\website\_site" at http://127.0.0.1:8080
2018-08-13T09:53:28.151Z - info: Press CTRL+C to stop ...
2018-08-13T09:57:34.424Z - info: [17:57:34] Reload for file change: C:\repos\nus-tic2002\website\admin\usingThisWebsite.md
2018-08-13T09:57:35.428Z - verbose: Rebuild affected paths: C:\repos\nus-tic2002\website\admin\usingThisWebsite.md
2018-08-13T09:57:35.430Z - info: Rebuilding 2 pages
2018-08-13T09:57:38.222Z - info: Pages rebuilt
2018-08-13T09:57:38.232Z - info: Site data built
2018-08-13T09:57:55.655Z - info: [17:57:55] Reload for file change: C:\repos\nus-tic2002\website\admin\usingThisWebsite.md
2018-08-13T09:57:56.656Z - verbose: Rebuild affected paths: C:\repos\nus-tic2002\website\admin\usingThisWebsite.md
2018-08-13T09:57:56.657Z - info: Rebuilding 2 pages
2018-08-13T09:57:59.017Z - info: Pages rebuilt
2018-08-13T09:57:59.027Z - info: Site data built
2018-08-13T09:59:04.429Z - info: [17:59:04] Reload for file change: C:\repos\nus-tic2002\website\admin\usingThisWebsite.md
2018-08-13T09:59:05.432Z - verbose: Rebuild affected paths: C:\repos\nus-tic2002\website\admin\usingThisWebsite.md
2018-08-13T09:59:05.433Z - info: Rebuilding 2 pages
2018-08-13T09:59:08.172Z - info: Pages rebuilt
2018-08-13T09:59:08.180Z - info: Site data built
2018-08-13T10:01:15.646Z - info: Website generation started at 18:01:13
2018-08-13T10:01:18.697Z - info: Building assets...
