2018-09-09T02:24:53.770Z - info: Website generation started at 10:24:49
2018-09-09T02:25:02.518Z - info: Building assets...
2018-09-09T02:25:08.121Z - info: Assets built
2018-09-09T02:25:08.122Z - info: Generating pages...
2018-09-09T02:26:12.489Z - info: Pages built
2018-09-09T02:26:12.567Z - info: Site data built
2018-09-09T02:26:12.567Z - info: Website generation complete! Total build time: 83.074s
2018-09-09T02:26:12.583Z - info: Generate Site durationMs=83089
2018-09-09T02:26:12.598Z - info: Serving "C:\repos\nus-tic2002-2018\website\_site" at http://127.0.0.1:8080
2018-09-09T02:26:12.598Z - info: Press CTRL+C to stop ...
2018-09-09T02:32:13.099Z - info: [10:32:13] Reload for file change: C:\repos\nus-tic2002-2018\website\book\cppToJava\collections\what\text.md
2018-09-09T02:32:14.108Z - verbose: Rebuild affected paths: C:\repos\nus-tic2002-2018\website\book\cppToJava\collections\what\text.md
2018-09-09T02:32:14.116Z - info: Rebuilding 5 pages
2018-09-09T02:32:39.137Z - info: Pages rebuilt
2018-09-09T02:32:39.145Z - info: Site data built
2018-09-09T02:34:22.214Z - info: [10:34:22] Reload for file change: C:\repos\nus-tic2002-2018\website\book\cppToJava\collections\what\text.md
2018-09-09T02:34:23.217Z - verbose: Rebuild affected paths: C:\repos\nus-tic2002-2018\website\book\cppToJava\collections\what\text.md
2018-09-09T02:34:23.221Z - info: Rebuilding 5 pages
2018-09-09T02:34:41.946Z - info: Pages rebuilt
2018-09-09T02:34:41.946Z - info: Site data built
2018-09-09T02:37:39.644Z - info: [10:37:39] Reload for file change: C:\repos\nus-tic2002-2018\website\book\cppToJava\collections\what\text.md
2018-09-09T02:37:40.648Z - verbose: Rebuild affected paths: C:\repos\nus-tic2002-2018\website\book\cppToJava\collections\what\text.md
2018-09-09T02:37:40.652Z - info: Rebuilding 5 pages
2018-09-09T02:38:00.831Z - info: Pages rebuilt
2018-09-09T02:38:00.835Z - info: Site data built
2018-09-09T02:42:31.802Z - info: [10:42:31] Reload for file change: C:\repos\nus-tic2002-2018\website\book\cppToJava\collections\what\text.md
2018-09-09T02:42:32.812Z - verbose: Rebuild affected paths: C:\repos\nus-tic2002-2018\website\book\cppToJava\collections\what\text.md
2018-09-09T02:42:32.816Z - info: Rebuilding 5 pages
2018-09-09T02:42:57.125Z - info: Pages rebuilt
2018-09-09T02:42:57.129Z - info: Site data built
2018-09-09T02:43:30.317Z - info: [10:43:30] Reload for file change: C:\repos\nus-tic2002-2018\website\book\cppToJava\collections\what\text.md
2018-09-09T02:43:31.321Z - verbose: Rebuild affected paths: C:\repos\nus-tic2002-2018\website\book\cppToJava\collections\what\text.md
2018-09-09T02:43:31.321Z - info: Rebuilding 5 pages
2018-09-09T02:43:50.833Z - info: Pages rebuilt
2018-09-09T02:43:50.837Z - info: Site data built
2018-09-09T02:43:59.369Z - info: [10:43:59] Reload for file change: C:\repos\nus-tic2002-2018\website\book\cppToJava\collections\what\text.md
2018-09-09T02:44:00.373Z - verbose: Rebuild affected paths: C:\repos\nus-tic2002-2018\website\book\cppToJava\collections\what\text.md
2018-09-09T02:44:00.373Z - info: Rebuilding 5 pages
2018-09-09T02:44:18.007Z - info: Pages rebuilt
2018-09-09T02:44:18.011Z - info: Site data built
2018-09-09T02:44:51.250Z - info: [10:44:51] Reload for file change: C:\repos\nus-tic2002-2018\website\book\cppToJava\collections\what\text.md
2018-09-09T02:44:52.266Z - verbose: Rebuild affected paths: C:\repos\nus-tic2002-2018\website\book\cppToJava\collections\what\text.md
2018-09-09T02:44:52.266Z - info: Rebuilding 5 pages
2018-09-09T02:45:11.624Z - info: Pages rebuilt
2018-09-09T02:45:11.628Z - info: Site data built
2018-09-09T02:45:28.474Z - info: [10:45:28] Reload for file change: C:\repos\nus-tic2002-2018\website\book\cppToJava\collections\what\text.md
2018-09-09T02:45:29.485Z - verbose: Rebuild affected paths: C:\repos\nus-tic2002-2018\website\book\cppToJava\collections\what\text.md
2018-09-09T02:45:29.485Z - info: Rebuilding 5 pages
2018-09-09T02:45:49.931Z - info: Pages rebuilt
2018-09-09T02:45:49.935Z - info: Site data built
2018-09-09T02:47:22.187Z - info: [10:47:22] Reload for file change: C:\repos\nus-tic2002-2018\website\book\cppToJava\collections\what\text.md
2018-09-09T02:47:23.206Z - verbose: Rebuild affected paths: C:\repos\nus-tic2002-2018\website\book\cppToJava\collections\what\text.md
2018-09-09T02:47:23.206Z - info: Rebuilding 5 pages
2018-09-09T02:47:41.420Z - info: Pages rebuilt
2018-09-09T02:47:41.426Z - info: Site data built
2018-09-09T02:48:26.284Z - info: [10:48:26] Reload for file change: C:\repos\nus-tic2002-2018\website\book\cppToJava\collections\what\text.md
2018-09-09T02:48:27.306Z - verbose: Rebuild affected paths: C:\repos\nus-tic2002-2018\website\book\cppToJava\collections\what\text.md
2018-09-09T02:48:27.306Z - info: Rebuilding 5 pages
2018-09-09T02:48:46.965Z - info: Pages rebuilt
2018-09-09T02:48:46.973Z - info: Site data built
2018-09-09T02:49:35.876Z - info: [10:49:35] Reload for file change: C:\repos\nus-tic2002-2018\website\book\cppToJava\collections\what\text.md
2018-09-09T02:49:36.900Z - verbose: Rebuild affected paths: C:\repos\nus-tic2002-2018\website\book\cppToJava\collections\what\text.md
2018-09-09T02:49:36.900Z - info: Rebuilding 5 pages
2018-09-09T02:49:57.879Z - info: Pages rebuilt
2018-09-09T02:49:57.879Z - info: Site data built
2018-09-09T02:54:20.636Z - info: [10:54:20] Reload for file change: C:\repos\nus-tic2002-2018\website\book\cppToJava\collections\what\text.md
2018-09-09T02:54:21.646Z - verbose: Rebuild affected paths: C:\repos\nus-tic2002-2018\website\book\cppToJava\collections\what\text.md
2018-09-09T02:54:21.650Z - info: Rebuilding 5 pages
2018-09-09T02:54:42.390Z - info: Pages rebuilt
2018-09-09T02:54:42.394Z - info: Site data built
2018-09-09T02:57:09.622Z - info: [10:57:09] Reload for file change: C:\repos\nus-tic2002-2018\website\book\cppToJava\collections\what\text.md
2018-09-09T02:57:10.641Z - verbose: Rebuild affected paths: C:\repos\nus-tic2002-2018\website\book\cppToJava\collections\what\text.md
2018-09-09T02:57:10.646Z - info: Rebuilding 5 pages
2018-09-09T02:57:31.658Z - info: Pages rebuilt
2018-09-09T02:57:31.661Z - info: Site data built
2018-09-09T02:58:23.985Z - info: [10:58:23] Reload for file change: C:\repos\nus-tic2002-2018\website\book\cppToJava\collections\what\text.md
2018-09-09T02:58:24.994Z - verbose: Rebuild affected paths: C:\repos\nus-tic2002-2018\website\book\cppToJava\collections\what\text.md
2018-09-09T02:58:24.994Z - info: Rebuilding 5 pages
2018-09-09T02:58:42.606Z - info: Pages rebuilt
2018-09-09T02:58:42.608Z - info: Site data built
2018-09-09T02:59:54.198Z - info: [10:59:54] Reload for file change: C:\repos\nus-tic2002-2018\website\book\cppToJava\collections\what\text.md
2018-09-09T02:59:55.230Z - verbose: Rebuild affected paths: C:\repos\nus-tic2002-2018\website\book\cppToJava\collections\what\text.md
2018-09-09T02:59:55.230Z - info: Rebuilding 5 pages
2018-09-09T03:00:13.627Z - info: Pages rebuilt
2018-09-09T03:00:13.630Z - info: Site data built
2018-09-09T03:00:57.686Z - info: [11:00:57] Reload for file change: C:\repos\nus-tic2002-2018\website\book\cppToJava\collections\what\text.md
2018-09-09T03:00:58.701Z - verbose: Rebuild affected paths: C:\repos\nus-tic2002-2018\website\book\cppToJava\collections\what\text.md
2018-09-09T03:00:58.701Z - info: Rebuilding 5 pages
2018-09-09T03:01:16.367Z - info: Pages rebuilt
2018-09-09T03:01:16.369Z - info: Site data built
