2018-08-06T14:33:08.391Z - info: Website generation started at 22:33:02
2018-08-06T14:33:09.495Z - info: Building assets...
2018-08-06T14:33:11.189Z - info: Assets built
2018-08-06T14:33:11.189Z - info: Generating pages...
2018-08-06T14:34:05.525Z - info: Pages built
2018-08-06T14:34:05.624Z - info: Site data built
2018-08-06T14:34:05.625Z - info: Website generation complete! Total build time: 62.788s
2018-08-06T14:34:05.632Z - info: Generate Site durationMs=62795
2018-08-06T14:34:05.641Z - info: Serving "C:\repos\nus-tic2002-2018\website\_site" at http://127.0.0.1:8080
2018-08-06T14:34:05.641Z - info: Press CTRL+C to stop ...
2018-08-06T14:40:34.668Z - info: [22:40:34] Reload for file change: C:\repos\nus-tic2002-2018\website\admin\textbooks.md
2018-08-06T14:40:35.675Z - verbose: Rebuild affected paths: C:\repos\nus-tic2002-2018\website\admin\textbooks.md
2018-08-06T14:40:35.684Z - info: Rebuilding 4 pages
2018-08-06T14:40:38.534Z - info: Pages rebuilt
2018-08-06T14:40:38.541Z - info: Site data built
2018-08-06T14:42:36.001Z - info: [22:42:36] Reload for file change: C:\repos\nus-tic2002-2018\website\common\header.md
2018-08-06T14:42:36.008Z - info: [22:42:36] Reload for file change: C:\repos\nus-tic2002-2018\website\se-book-adapted\index.md
2018-08-06T14:42:36.010Z - info: [22:42:36] Reload for file change: C:\repos\nus-tic2002-2018\website\se-book-adapted\chapters\chapter.njk
2018-08-06T14:42:37.001Z - verbose: Rebuild affected paths: C:\repos\nus-tic2002-2018\website\common\header.md,C:\repos\nus-tic2002-2018\website\se-book-adapted\index.md
2018-08-06T14:42:37.004Z - info: Rebuilding 18 pages
2018-08-06T14:42:47.342Z - info: Assets built
2018-08-06T14:42:58.538Z - info: Pages rebuilt
2018-08-06T14:42:58.555Z - info: Site data built
2018-08-06T14:43:34.605Z - info: Website generation started at 22:43:32
2018-08-06T14:43:35.562Z - info: Building assets...
2018-08-06T14:43:38.061Z - info: Assets built
2018-08-06T14:43:38.062Z - info: Generating pages...
2018-08-06T14:44:38.626Z - info: Pages built
2018-08-06T14:44:38.704Z - info: Site data built
2018-08-06T14:44:38.704Z - info: Website generation complete! Total build time: 66.227s
2018-08-06T14:44:38.721Z - info: Generate Site durationMs=66244
2018-08-06T14:44:38.732Z - info: Serving "C:\repos\nus-tic2002-2018\website\_site" at http://127.0.0.1:8080
2018-08-06T14:44:38.732Z - info: Press CTRL+C to stop ...
2018-08-06T14:53:16.043Z - info: [22:53:16] Reload for file change: C:\repos\nus-tic2002-2018\website\admin\usingThisWebsite.md
2018-08-06T14:53:17.050Z - verbose: Rebuild affected paths: C:\repos\nus-tic2002-2018\website\admin\usingThisWebsite.md
2018-08-06T14:53:17.051Z - info: Rebuilding 2 pages
2018-08-06T14:53:19.172Z - info: Pages rebuilt
2018-08-06T14:53:19.175Z - info: Site data built
2018-08-06T14:53:56.834Z - info: [22:53:56] Reload for file change: C:\repos\nus-tic2002-2018\website\admin\index-tic2002.md
2018-08-06T14:53:57.838Z - verbose: Rebuild affected paths: C:\repos\nus-tic2002-2018\website\admin\index-tic2002.md
2018-08-06T14:53:57.840Z - info: Rebuilding 1 pages
2018-08-06T14:53:58.286Z - info: Pages rebuilt
2018-08-06T14:53:58.298Z - info: Site data built
2018-08-06T15:03:44.486Z - info: [23:03:44] Reload for file change: C:\repos\nus-tic2002-2018\website\book\cppToJava\javaWorld\how\text.md
2018-08-06T15:03:45.492Z - verbose: Rebuild affected paths: C:\repos\nus-tic2002-2018\website\book\cppToJava\javaWorld\how\text.md
2018-08-06T15:03:45.493Z - info: Rebuilding 3 pages
2018-08-06T15:03:58.731Z - info: Pages rebuilt
2018-08-06T15:03:58.743Z - info: Site data built
2018-08-06T15:05:18.868Z - info: [23:05:18] Reload for file change: C:\repos\nus-tic2002-2018\website\book\cppToJava\javaWorld\how\text.md
2018-08-06T15:05:19.870Z - verbose: Rebuild affected paths: C:\repos\nus-tic2002-2018\website\book\cppToJava\javaWorld\how\text.md
2018-08-06T15:05:19.871Z - info: Rebuilding 3 pages
2018-08-06T15:05:32.911Z - info: Pages rebuilt
2018-08-06T15:05:32.919Z - info: Site data built
2018-08-06T15:06:48.807Z - info: [23:06:48] Reload for file change: C:\repos\nus-tic2002-2018\website\book\cppToJava\gettingStarted\installation\text.md
2018-08-06T15:06:49.821Z - verbose: Rebuild affected paths: C:\repos\nus-tic2002-2018\website\book\cppToJava\gettingStarted\installation\text.md
2018-08-06T15:06:49.826Z - info: Rebuilding 4 pages
2018-08-06T15:07:03.887Z - info: Pages rebuilt
2018-08-06T15:07:03.890Z - info: Site data built
2018-08-06T15:08:23.346Z - info: [23:08:23] Reload for file change: C:\repos\nus-tic2002-2018\website\book\cppToJava\gettingStarted\helloWorld\text.md
2018-08-06T15:08:24.351Z - verbose: Rebuild affected paths: C:\repos\nus-tic2002-2018\website\book\cppToJava\gettingStarted\helloWorld\text.md
2018-08-06T15:08:24.362Z - info: Rebuilding 4 pages
2018-08-06T15:08:38.590Z - info: Pages rebuilt
2018-08-06T15:08:38.595Z - info: Site data built
2018-08-06T15:14:34.827Z - info: [23:14:34] Reload for file change: C:\repos\nus-tic2002-2018\website\book\cppToJava\gettingStarted\compiling\text.md
2018-08-06T15:14:34.832Z - info: [23:14:34] Reload for file change: C:\repos\nus-tic2002-2018\website\book\cppToJava\gettingStarted\helloWorld\text.md
2018-08-06T15:14:35.830Z - verbose: Rebuild affected paths: C:\repos\nus-tic2002-2018\website\book\cppToJava\gettingStarted\compiling\text.md,C:\repos\nus-tic2002-2018\website\book\cppToJava\gettingStarted\helloWorld\text.md
2018-08-06T15:14:35.831Z - info: Rebuilding 4 pages
2018-08-06T15:14:49.109Z - info: Pages rebuilt
2018-08-06T15:14:49.117Z - info: Site data built
2018-08-06T15:20:39.173Z - info: [23:20:39] Reload for file change: C:\repos\nus-tic2002-2018\website\book\cppToJava\dataTypes\primitiveTypes\text.md
2018-08-06T15:20:40.192Z - verbose: Rebuild affected paths: C:\repos\nus-tic2002-2018\website\book\cppToJava\dataTypes\primitiveTypes\text.md
2018-08-06T15:20:40.192Z - info: Rebuilding 4 pages
2018-08-06T15:20:54.754Z - info: Pages rebuilt
2018-08-06T15:20:54.757Z - info: Site data built
2018-08-06T15:22:29.365Z - info: [23:22:29] Reload for file change: C:\repos\nus-tic2002-2018\website\book\cppToJava\dataTypes\primitiveTypes\text.md
2018-08-06T15:22:30.373Z - verbose: Rebuild affected paths: C:\repos\nus-tic2002-2018\website\book\cppToJava\dataTypes\primitiveTypes\text.md
2018-08-06T15:22:30.373Z - info: Rebuilding 4 pages
2018-08-06T15:22:47.969Z - info: Pages rebuilt
2018-08-06T15:22:47.973Z - info: Site data built
2018-08-06T15:26:34.533Z - info: [23:26:34] Reload for file change: C:\repos\nus-tic2002-2018\website\book\cppToJava\dataTypes\variables\text.md
2018-08-06T15:26:35.540Z - verbose: Rebuild affected paths: C:\repos\nus-tic2002-2018\website\book\cppToJava\dataTypes\variables\text.md
2018-08-06T15:26:35.544Z - info: Rebuilding 4 pages
2018-08-06T15:26:38.697Z - info: [23:26:38] Reload for file change: C:\repos\nus-tic2002-2018\website\book\cppToJava\collections\arrayListClass\text.md
2018-08-06T15:26:38.697Z - info: [23:26:38] Reload for file change: C:\repos\nus-tic2002-2018\website\book\_markbind\boilerplates\resourcesPanel.md
2018-08-06T15:26:38.697Z - info: [23:26:38] Reload for file change: C:\repos\nus-tic2002-2018\website\book\cppToJava\collections\hashMapClass\text.md
2018-08-06T15:26:38.701Z - info: [23:26:38] Reload for file change: C:\repos\nus-tic2002-2018\website\book\cppToJava\collections\arrayListClass\resources.md
2018-08-06T15:26:38.701Z - info: [23:26:38] Reload for file change: C:\repos\nus-tic2002-2018\website\book\cppToJava\collections\hashMapClass\resources.md
2018-08-06T15:26:48.572Z - info: [23:26:48] Reload for file change: C:\repos\nus-tic2002-2018\website\book\modeling\introduction\how\text.md
2018-08-06T15:26:48.572Z - info: [23:26:48] Reload for file change: C:\repos\nus-tic2002-2018\website\book\gitAndGithub\ignore\sourcetree.md
2018-08-06T15:26:48.596Z - info: [23:26:48] Reload for file change: C:\repos\nus-tic2002-2018\website\book\gitAndGithub\ignore\cli.md
2018-08-06T15:26:53.555Z - info: [23:26:53] Reload for file change: C:\repos\nus-tic2002-2018\website\admin\project-scope.md
2018-08-06T15:26:53.787Z - info: Pages rebuilt
2018-08-06T15:26:53.805Z - info: Site data built
2018-08-06T15:26:54.112Z - verbose: Rebuild affected paths: C:\repos\nus-tic2002-2018\website\book\cppToJava\collections\arrayListClass\text.md,C:\repos\nus-tic2002-2018\website\book\_markbind\boilerplates\resourcesPanel.md,C:\repos\nus-tic2002-2018\website\book\cppToJava\collections\hashMapClass\text.md,C:\repos\nus-tic2002-2018\website\book\cppToJava\collections\arrayListClass\resources.md,C:\repos\nus-tic2002-2018\website\book\cppToJava\collections\hashMapClass\resources.md,C:\repos\nus-tic2002-2018\website\book\modeling\introduction\how\text.md,C:\repos\nus-tic2002-2018\website\book\gitAndGithub\ignore\sourcetree.md,C:\repos\nus-tic2002-2018\website\book\gitAndGithub\ignore\cli.md,C:\repos\nus-tic2002-2018\website\admin\project-scope.md
2018-08-06T15:26:54.116Z - info: Rebuilding 17 pages
2018-08-06T15:27:05.362Z - info: [23:27:05] Reload for file change: C:\repos\nus-tic2002-2018\website\schedule\evidence\intellij.md
2018-08-06T15:27:05.362Z - info: [23:27:05] Reload for file change: C:\repos\nus-tic2002-2018\website\common\header-flat.md
2018-08-06T15:27:05.578Z - info: [23:27:05] Reload for file change: C:\repos\nus-tic2002-2018\website\schedule\evidence\project.md
2018-08-06T15:27:05.578Z - info: [23:27:05] Reload for file change: C:\repos\nus-tic2002-2018\website\schedule\evidence\cppToJava.md
2018-08-06T15:27:05.582Z - info: [23:27:05] Reload for file change: C:\repos\nus-tic2002-2018\website\schedule\evidence\javaTools.md
2018-08-06T15:27:05.582Z - info: [23:27:05] Reload for file change: C:\repos\nus-tic2002-2018\website\schedule\evidence\testing.md
2018-08-06T15:27:18.116Z - info: [23:27:18] Reload for file change: C:\repos\nus-tic2002-2018\website\admin\project-assessment.md
2018-08-06T15:27:18.344Z - info: [23:27:18] Reload for file change: C:\repos\nus-tic2002-2018\website\schedule\evidence\codeQuality.md
2018-08-06T15:27:18.344Z - info: [23:27:18] Reload for file change: C:\repos\nus-tic2002-2018\website\book\about\usage.md
2018-08-06T15:27:18.344Z - info: [23:27:18] Reload for file change: C:\repos\nus-tic2002-2018\website\admin\project-overview.md
2018-08-06T15:27:18.344Z - info: [23:27:18] Reload for file change: C:\repos\nus-tic2002-2018\website\admin\project-product.md
2018-08-06T15:27:18.344Z - info: [23:27:18] Reload for file change: C:\repos\nus-tic2002-2018\website\admin\project-constraints.md
2018-08-06T15:27:18.344Z - info: [23:27:18] Reload for file change: C:\repos\nus-tic2002-2018\website\admin\project-timeline.md
2018-08-06T15:27:18.348Z - info: [23:27:18] Reload for file change: C:\repos\nus-tic2002-2018\website\admin\collate.fr
2018-08-06T15:27:21.643Z - info: Assets built
2018-08-06T15:27:22.444Z - info: Pages rebuilt
2018-08-06T15:27:22.464Z - info: Site data built
2018-08-06T15:27:22.860Z - info: [23:27:22] Reload for file change: C:\repos\nus-tic2002-2018\website\book\cppToJava\dataTypes\variables\text.md
2018-08-06T15:27:23.008Z - verbose: Rebuild affected paths: C:\repos\nus-tic2002-2018\website\schedule\evidence\intellij.md,C:\repos\nus-tic2002-2018\website\common\header-flat.md,C:\repos\nus-tic2002-2018\website\schedule\evidence\project.md,C:\repos\nus-tic2002-2018\website\schedule\evidence\cppToJava.md,C:\repos\nus-tic2002-2018\website\schedule\evidence\javaTools.md,C:\repos\nus-tic2002-2018\website\schedule\evidence\testing.md,C:\repos\nus-tic2002-2018\website\admin\project-assessment.md,C:\repos\nus-tic2002-2018\website\schedule\evidence\codeQuality.md,C:\repos\nus-tic2002-2018\website\book\about\usage.md,C:\repos\nus-tic2002-2018\website\admin\project-overview.md,C:\repos\nus-tic2002-2018\website\admin\project-product.md,C:\repos\nus-tic2002-2018\website\admin\project-constraints.md,C:\repos\nus-tic2002-2018\website\admin\project-timeline.md,C:\repos\nus-tic2002-2018\website\book\cppToJava\dataTypes\variables\text.md
2018-08-06T15:27:23.012Z - info: Rebuilding 30 pages
2018-08-06T15:27:41.477Z - info: [23:27:41] Reload for file change: C:\repos\nus-tic2002-2018\website\book\cppToJava\dataTypes\variables\text.md
2018-08-06T15:28:00.389Z - info: Pages rebuilt
2018-08-06T15:28:00.393Z - info: Site data built
2018-08-06T15:28:00.853Z - verbose: Rebuild affected paths: C:\repos\nus-tic2002-2018\website\book\cppToJava\dataTypes\variables\text.md
2018-08-06T15:28:00.857Z - info: Rebuilding 4 pages
2018-08-06T15:28:17.911Z - info: Pages rebuilt
2018-08-06T15:28:17.915Z - info: Site data built
2018-08-06T15:30:22.678Z - info: [23:30:22] Reload for file change: C:\repos\nus-tic2002-2018\website\book\cppToJava\dataTypes\variables\text.md
2018-08-06T15:30:23.686Z - verbose: Rebuild affected paths: C:\repos\nus-tic2002-2018\website\book\cppToJava\dataTypes\variables\text.md
2018-08-06T15:30:23.690Z - info: Rebuilding 4 pages
2018-08-06T15:30:39.811Z - info: Pages rebuilt
2018-08-06T15:30:39.815Z - info: Site data built
2018-08-06T15:41:34.411Z - info: Website generation started at 23:41:31
2018-08-06T15:41:35.743Z - info: Building assets...
2018-08-06T15:41:37.751Z - info: Assets built
2018-08-06T15:41:37.751Z - info: Generating pages...
2018-08-06T15:42:34.598Z - info: Pages built
2018-08-06T15:42:34.662Z - info: Site data built
2018-08-06T15:42:34.662Z - info: Website generation complete! Total build time: 62.903s
2018-08-06T15:42:34.666Z - info: Build success!
2018-08-06T15:42:34.666Z - info: Generate Site durationMs=62907
2018-08-06T15:43:09.361Z - info: Deployed!
