2018-09-18T05:51:49.764Z - info: Website generation started at 13:51:37
2018-09-18T05:52:44.921Z - info: Building assets...
2018-09-18T05:52:57.003Z - info: Assets built
2018-09-18T05:52:57.003Z - info: Generating pages...
2018-09-18T05:54:12.123Z - info: Pages built
2018-09-18T05:54:13.140Z - info: Site data built
2018-09-18T05:54:13.140Z - info: Website generation complete! Total build time: 155.755s
2018-09-18T05:54:13.140Z - info: Generate Site durationMs=155755
2018-09-18T05:54:13.810Z - info: Serving "C:\repos\nus-tic2002-2018\website\_site" at http://127.0.0.1:8080
2018-09-18T05:54:13.810Z - info: Press CTRL+C to stop ...
2018-09-18T05:54:16.555Z - info: [13:54:16] Reload for file change: C:\repos\nus-tic2002-2018\website\admin\index-tic2002.md
2018-09-18T05:54:18.063Z - verbose: Rebuild affected paths: C:\repos\nus-tic2002-2018\website\admin\index-tic2002.md
2018-09-18T05:54:18.064Z - info: Rebuilding 1 pages
2018-09-18T05:54:22.295Z - info: Pages rebuilt
2018-09-18T05:54:22.321Z - info: Site data built
2018-09-18T05:57:35.571Z - info: [13:57:35] Reload for file change: C:\repos\nus-tic2002-2018\website\admin\index-tic2002.md
2018-09-18T05:57:36.576Z - verbose: Rebuild affected paths: C:\repos\nus-tic2002-2018\website\admin\index-tic2002.md
2018-09-18T05:57:36.578Z - info: Rebuilding 1 pages
2018-09-18T05:57:37.119Z - info: Pages rebuilt
2018-09-18T05:57:37.129Z - info: Site data built
2018-09-18T06:13:20.627Z - info: [14:13:20] Reload for file change: C:\repos\nus-tic2002-2018\website\admin\index-tic2002.md
2018-09-18T06:13:21.641Z - verbose: Rebuild affected paths: C:\repos\nus-tic2002-2018\website\admin\index-tic2002.md
2018-09-18T06:13:21.641Z - info: Rebuilding 1 pages
2018-09-18T06:13:22.388Z - info: Pages rebuilt
2018-09-18T06:13:22.400Z - info: Site data built
2018-09-18T06:15:32.653Z - info: [14:15:32] Reload for file change: C:\repos\nus-tic2002-2018\website\admin\index-tic2002.md
2018-09-18T06:15:33.661Z - verbose: Rebuild affected paths: C:\repos\nus-tic2002-2018\website\admin\index-tic2002.md
2018-09-18T06:15:33.662Z - info: Rebuilding 1 pages
2018-09-18T06:15:34.175Z - info: Pages rebuilt
2018-09-18T06:15:34.183Z - info: Site data built
2018-09-18T06:17:10.158Z - info: [14:17:10] Reload for file change: C:\repos\nus-tic2002-2018\website\admin\index-tic2002.md
2018-09-18T06:17:11.160Z - verbose: Rebuild affected paths: C:\repos\nus-tic2002-2018\website\admin\index-tic2002.md
2018-09-18T06:17:11.160Z - info: Rebuilding 1 pages
2018-09-18T06:17:11.953Z - info: Pages rebuilt
2018-09-18T06:17:11.967Z - info: Site data built
2018-09-18T06:18:02.547Z - info: [14:18:02] Reload for file change: C:\repos\nus-tic2002-2018\website\admin\index-tic2002.md
2018-09-18T06:18:03.564Z - verbose: Rebuild affected paths: C:\repos\nus-tic2002-2018\website\admin\index-tic2002.md
2018-09-18T06:18:03.564Z - info: Rebuilding 1 pages
2018-09-18T06:18:04.310Z - info: Pages rebuilt
2018-09-18T06:18:04.319Z - info: Site data built
2018-09-18T06:18:23.974Z - info: [14:18:23] Reload for file change: C:\repos\nus-tic2002-2018\website\admin\index-tic2002.md
2018-09-18T06:18:24.991Z - verbose: Rebuild affected paths: C:\repos\nus-tic2002-2018\website\admin\index-tic2002.md
2018-09-18T06:18:24.991Z - info: Rebuilding 1 pages
2018-09-18T06:18:25.820Z - info: Pages rebuilt
2018-09-18T06:18:25.832Z - info: Site data built
2018-09-18T06:18:50.158Z - info: [14:18:50] Reload for file change: C:\repos\nus-tic2002-2018\website\admin\index-tic2002.md
2018-09-18T06:18:51.161Z - verbose: Rebuild affected paths: C:\repos\nus-tic2002-2018\website\admin\index-tic2002.md
2018-09-18T06:18:51.161Z - info: Rebuilding 1 pages
2018-09-18T06:18:51.864Z - info: Pages rebuilt
2018-09-18T06:18:51.873Z - info: Site data built
2018-09-18T06:22:44.477Z - info: [14:22:44] Reload for file change: C:\repos\nus-tic2002-2018\website\admin\index-tic2002.md
2018-09-18T06:22:45.488Z - verbose: Rebuild affected paths: C:\repos\nus-tic2002-2018\website\admin\index-tic2002.md
2018-09-18T06:22:45.488Z - info: Rebuilding 1 pages
2018-09-18T06:22:46.274Z - info: Pages rebuilt
2018-09-18T06:22:46.285Z - info: Site data built
2018-09-18T06:23:55.208Z - info: [14:23:55] Reload for file change: C:\repos\nus-tic2002-2018\website\admin\index-tic2002.md
2018-09-18T06:23:56.211Z - verbose: Rebuild affected paths: C:\repos\nus-tic2002-2018\website\admin\index-tic2002.md
2018-09-18T06:23:56.211Z - info: Rebuilding 1 pages
2018-09-18T06:23:57.296Z - info: Pages rebuilt
2018-09-18T06:23:57.305Z - info: Site data built
2018-09-18T06:26:06.573Z - info: [14:26:06] Reload for file change: C:\repos\nus-tic2002-2018\website\admin\index-tic2002.md
2018-09-18T06:26:07.579Z - verbose: Rebuild affected paths: C:\repos\nus-tic2002-2018\website\admin\index-tic2002.md
2018-09-18T06:26:07.580Z - info: Rebuilding 1 pages
2018-09-18T06:26:08.371Z - info: Pages rebuilt
2018-09-18T06:26:08.381Z - info: Site data built
2018-09-18T06:26:37.980Z - info: [14:26:37] Reload for file change: C:\repos\nus-tic2002-2018\website\admin\index-tic2002.md
2018-09-18T06:26:39.001Z - verbose: Rebuild affected paths: C:\repos\nus-tic2002-2018\website\admin\index-tic2002.md
2018-09-18T06:26:39.001Z - info: Rebuilding 1 pages
2018-09-18T06:26:39.747Z - info: Pages rebuilt
2018-09-18T06:26:39.754Z - info: Site data built
2018-09-18T06:29:31.443Z - info: [14:29:31] Reload for file change: C:\repos\nus-tic2002-2018\website\admin\index-tic2002.md
2018-09-18T06:29:32.471Z - verbose: Rebuild affected paths: C:\repos\nus-tic2002-2018\website\admin\index-tic2002.md
2018-09-18T06:29:32.471Z - info: Rebuilding 1 pages
2018-09-18T06:29:33.260Z - info: Pages rebuilt
2018-09-18T06:29:33.271Z - info: Site data built
2018-09-18T06:29:48.954Z - info: [14:29:48] Reload for file change: C:\repos\nus-tic2002-2018\website\admin\index-tic2002.md
2018-09-18T06:29:49.959Z - verbose: Rebuild affected paths: C:\repos\nus-tic2002-2018\website\admin\index-tic2002.md
2018-09-18T06:29:49.960Z - info: Rebuilding 1 pages
2018-09-18T06:29:50.609Z - info: Pages rebuilt
2018-09-18T06:29:50.619Z - info: Site data built
2018-09-18T06:30:15.347Z - info: [14:30:15] Reload for file change: C:\repos\nus-tic2002-2018\website\admin\index-tic2002.md
2018-09-18T06:30:16.365Z - verbose: Rebuild affected paths: C:\repos\nus-tic2002-2018\website\admin\index-tic2002.md
2018-09-18T06:30:16.366Z - info: Rebuilding 1 pages
2018-09-18T06:30:17.137Z - info: Pages rebuilt
2018-09-18T06:30:17.148Z - info: Site data built
2018-09-18T06:31:05.359Z - info: [14:31:05] Reload for file change: C:\repos\nus-tic2002-2018\website\admin\index-tic2002.md
2018-09-18T06:31:06.380Z - verbose: Rebuild affected paths: C:\repos\nus-tic2002-2018\website\admin\index-tic2002.md
2018-09-18T06:31:06.380Z - info: Rebuilding 1 pages
2018-09-18T06:31:07.170Z - info: Pages rebuilt
2018-09-18T06:31:07.181Z - info: Site data built
2018-09-18T06:32:11.144Z - info: [14:32:11] Reload for file change: C:\repos\nus-tic2002-2018\website\admin\index-tic2002.md
2018-09-18T06:32:12.161Z - verbose: Rebuild affected paths: C:\repos\nus-tic2002-2018\website\admin\index-tic2002.md
2018-09-18T06:32:12.161Z - info: Rebuilding 1 pages
2018-09-18T06:32:12.903Z - info: Pages rebuilt
2018-09-18T06:32:12.911Z - info: Site data built
2018-09-18T06:32:29.324Z - info: [14:32:29] Reload for file change: C:\repos\nus-tic2002-2018\website\admin\index-tic2002.md
2018-09-18T06:32:30.327Z - verbose: Rebuild affected paths: C:\repos\nus-tic2002-2018\website\admin\index-tic2002.md
2018-09-18T06:32:30.329Z - info: Rebuilding 1 pages
2018-09-18T06:32:31.119Z - info: Pages rebuilt
2018-09-18T06:32:31.127Z - info: Site data built
2018-09-18T06:32:49.483Z - info: [14:32:49] Reload for file change: C:\repos\nus-tic2002-2018\website\admin\index-tic2002.md
2018-09-18T06:32:50.487Z - verbose: Rebuild affected paths: C:\repos\nus-tic2002-2018\website\admin\index-tic2002.md
2018-09-18T06:32:50.488Z - info: Rebuilding 1 pages
2018-09-18T06:32:51.237Z - info: Pages rebuilt
2018-09-18T06:32:51.249Z - info: Site data built
2018-09-18T06:33:54.423Z - info: [14:33:54] Reload for file change: C:\repos\nus-tic2002-2018\website\admin\index-tic2002.md
2018-09-18T06:33:55.427Z - verbose: Rebuild affected paths: C:\repos\nus-tic2002-2018\website\admin\index-tic2002.md
2018-09-18T06:33:55.428Z - info: Rebuilding 1 pages
2018-09-18T06:33:56.242Z - info: Pages rebuilt
2018-09-18T06:33:56.252Z - info: Site data built
2018-09-18T06:34:02.087Z - info: [14:34:02] Reload for file change: C:\repos\nus-tic2002-2018\website\admin\index-tic2002.md
2018-09-18T06:34:03.102Z - verbose: Rebuild affected paths: C:\repos\nus-tic2002-2018\website\admin\index-tic2002.md
2018-09-18T06:34:03.102Z - info: Rebuilding 1 pages
2018-09-18T06:34:03.739Z - info: Pages rebuilt
2018-09-18T06:34:03.748Z - info: Site data built
2018-09-18T06:34:32.220Z - info: [14:34:32] Reload for file change: C:\repos\nus-tic2002-2018\website\admin\index-tic2002.md
2018-09-18T06:34:33.238Z - verbose: Rebuild affected paths: C:\repos\nus-tic2002-2018\website\admin\index-tic2002.md
2018-09-18T06:34:33.238Z - info: Rebuilding 1 pages
2018-09-18T06:34:34.012Z - info: Pages rebuilt
2018-09-18T06:34:34.026Z - info: Site data built
2018-09-18T06:37:58.358Z - info: Website generation started at 14:37:51
2018-09-18T06:38:40.026Z - info: Building assets...
